Flow report for LBM_DE2
Sat Jan 22 14:24:24 2022
Quartus II 64-Bit Version 13.1.0 Build 162 10/23/2013 SJ Web Edition


---------------------
; Table of Contents ;
---------------------
  1. Legal Notice
  2. Flow Summary
  3. Flow Settings
  4. Flow Non-Default Global Settings
  5. Flow Elapsed Time
  6. Flow OS Summary
  7. Flow Log
  8. Flow Messages
  9. Flow Suppressed Messages



----------------
; Legal Notice ;
----------------
Copyright (C) 1991-2013 Altera Corporation
Your use of Altera Corporation's design tools, logic functions 
and other software and tools, and its AMPP partner logic 
functions, and any output files from any of the foregoing 
(including device programming or simulation files), and any 
associated documentation or information are expressly subject 
to the terms and conditions of the Altera Program License 
Subscription Agreement, Altera MegaCore Function License 
Agreement, or other applicable license agreement, including, 
without limitation, that your use is for the sole purpose of 
programming logic devices manufactured by Altera and sold by 
Altera or its authorized distributors.  Please refer to the 
applicable agreement for further details.



+---------------------------------------------------------------------------------+
; Flow Summary                                                                    ;
+------------------------------------+--------------------------------------------+
; Flow Status                        ; Successful - Sat Jan 22 14:24:24 2022      ;
; Quartus II 64-Bit Version          ; 13.1.0 Build 162 10/23/2013 SJ Web Edition ;
; Revision Name                      ; LBM_DE2                                    ;
; Top-level Entity Name              ; LBM_DE2                                    ;
; Family                             ; Cyclone IV E                               ;
; Device                             ; EP4CE115F29C7                              ;
; Timing Models                      ; Final                                      ;
; Total logic elements               ; 7,913 / 114,480 ( 7 % )                    ;
;     Total combinational functions  ; 7,856 / 114,480 ( 7 % )                    ;
;     Dedicated logic registers      ; 1,303 / 114,480 ( 1 % )                    ;
; Total registers                    ; 1303                                       ;
; Total pins                         ; 3 / 529 ( < 1 % )                          ;
; Total virtual pins                 ; 0                                          ;
; Total memory bits                  ; 294,912 / 3,981,312 ( 7 % )                ;
; Embedded Multiplier 9-bit elements ; 456 / 532 ( 86 % )                         ;
; Total PLLs                         ; 0 / 4 ( 0 % )                              ;
+------------------------------------+--------------------------------------------+


+-----------------------------------------+
; Flow Settings                           ;
+-------------------+---------------------+
; Option            ; Setting             ;
+-------------------+---------------------+
; Start date & time ; 01/22/2022 14:18:17 ;
; Main task         ; Compilation         ;
; Revision Name     ; LBM_DE2             ;
+-------------------+---------------------+


+----------------------------------------------------------------------------------------------------------------------------+
; Flow Non-Default Global Settings                                                                                           ;
+-------------------------------------+---------------------------------------+---------------+-------------+----------------+
; Assignment Name                     ; Value                                 ; Default Value ; Entity Name ; Section Id     ;
+-------------------------------------+---------------------------------------+---------------+-------------+----------------+
; COMPILER_SIGNATURE_ID               ; 211898707314421.164287909715548       ; --            ; --          ; --             ;
; EDA_OUTPUT_DATA_FORMAT              ; Systemverilog Hdl                     ; --            ; --          ; eda_simulation ;
; EDA_SIMULATION_TOOL                 ; ModelSim-Altera (SystemVerilog)       ; <None>        ; --          ; --             ;
; FLOW_ENABLE_POWER_ANALYZER          ; On                                    ; Off           ; --          ; --             ;
; MAX_CORE_JUNCTION_TEMP              ; 85                                    ; --            ; --          ; --             ;
; MIN_CORE_JUNCTION_TEMP              ; 0                                     ; --            ; --          ; --             ;
; NOMINAL_CORE_SUPPLY_VOLTAGE         ; 1.2V                                  ; --            ; --          ; --             ;
; PARTITION_COLOR                     ; 16764057                              ; --            ; --          ; Top            ;
; PARTITION_FITTER_PRESERVATION_LEVEL ; PLACEMENT_AND_ROUTING                 ; --            ; --          ; Top            ;
; PARTITION_NETLIST_TYPE              ; SOURCE                                ; --            ; --          ; Top            ;
; POWER_BOARD_THERMAL_MODEL           ; None (CONSERVATIVE)                   ; --            ; --          ; --             ;
; POWER_DEFAULT_INPUT_IO_TOGGLE_RATE  ; 12.5 %                                ; 12.5%         ; --          ; --             ;
; POWER_PRESET_COOLING_SOLUTION       ; 23 MM HEAT SINK WITH 200 LFPM AIRFLOW ; --            ; --          ; --             ;
; PROJECT_OUTPUT_DIRECTORY            ; output_files                          ; --            ; --          ; --             ;
+-------------------------------------+---------------------------------------+---------------+-------------+----------------+


+-------------------------------------------------------------------------------------------------------------------------------+
; Flow Elapsed Time                                                                                                             ;
+---------------------------+--------------+-------------------------+---------------------+------------------------------------+
; Module Name               ; Elapsed Time ; Average Processors Used ; Peak Virtual Memory ; Total CPU Time (on all processors) ;
+---------------------------+--------------+-------------------------+---------------------+------------------------------------+
; Analysis & Synthesis      ; 00:00:59     ; 1.0                     ; 4820 MB             ; 00:00:58                           ;
; Fitter                    ; 00:03:25     ; 1.0                     ; 5228 MB             ; 00:03:20                           ;
; Assembler                 ; 00:00:09     ; 1.0                     ; 4643 MB             ; 00:00:08                           ;
; PowerPlay Power Analyzer  ; 00:00:31     ; 1.0                     ; 4798 MB             ; 00:00:31                           ;
; TimeQuest Timing Analyzer ; 00:00:21     ; 1.0                     ; 4783 MB             ; 00:00:20                           ;
; EDA Netlist Writer        ; 00:00:23     ; 1.0                     ; 4648 MB             ; 00:00:23                           ;
; Total                     ; 00:05:48     ; --                      ; --                  ; 00:05:40                           ;
+---------------------------+--------------+-------------------------+---------------------+------------------------------------+


+----------------------------------------------------------------------------------------+
; Flow OS Summary                                                                        ;
+---------------------------+------------------+-----------+------------+----------------+
; Module Name               ; Machine Hostname ; OS Name   ; OS Version ; Processor type ;
+---------------------------+------------------+-----------+------------+----------------+
; Analysis & Synthesis      ; DESKTOP-VUCT7PH  ; Windows 7 ; 6.2        ; x86_64         ;
; Fitter                    ; DESKTOP-VUCT7PH  ; Windows 7 ; 6.2        ; x86_64         ;
; Assembler                 ; DESKTOP-VUCT7PH  ; Windows 7 ; 6.2        ; x86_64         ;
; PowerPlay Power Analyzer  ; DESKTOP-VUCT7PH  ; Windows 7 ; 6.2        ; x86_64         ;
; TimeQuest Timing Analyzer ; DESKTOP-VUCT7PH  ; Windows 7 ; 6.2        ; x86_64         ;
; EDA Netlist Writer        ; DESKTOP-VUCT7PH  ; Windows 7 ; 6.2        ; x86_64         ;
+---------------------------+------------------+-----------+------------+----------------+


------------
; Flow Log ;
------------
quartus_map --read_settings_files=on --write_settings_files=off LBM_DE2 -c LBM_DE2
quartus_fit --read_settings_files=off --write_settings_files=off LBM_DE2 -c LBM_DE2
quartus_asm --read_settings_files=off --write_settings_files=off LBM_DE2 -c LBM_DE2
quartus_pow --read_settings_files=off --write_settings_files=off LBM_DE2 -c LBM_DE2
quartus_sta LBM_DE2 -c LBM_DE2
quartus_eda --read_settings_files=off --write_settings_files=off LBM_DE2 -c LBM_DE2



